<?xml version="1.0" encoding="UTF-8"?>
<coverage generated="1780907483043" clover="3.2.0">
  <project timestamp="1780907483043" name="All files">
    <metrics statements="150" coveredstatements="136" conditionals="127" coveredconditionals="111" methods="46" coveredmethods="37" elements="323" coveredelements="284" complexity="0" loc="150" ncloc="150" packages="1" files="1" classes="1"/>
    <file name="inventory.ts" path="/home/aster/Documents/GitHub/AetherAssembly/Before-Its-Gone/packages/core/src/inventory.ts">
      <metrics statements="150" coveredstatements="136" conditionals="127" coveredconditionals="111" methods="46" coveredmethods="37"/>
      <line num="30" count="0" type="stmt"/>
      <line num="31" count="0" type="stmt"/>
      <line num="41" count="10" type="cond" truecount="5" falsecount="0"/>
      <line num="42" count="10" type="stmt"/>
      <line num="44" count="10" type="cond" truecount="2" falsecount="0"/>
      <line num="45" count="3" type="stmt"/>
      <line num="48" count="10" type="cond" truecount="2" falsecount="0"/>
      <line num="49" count="8" type="stmt"/>
      <line num="52" count="10" type="cond" truecount="2" falsecount="0"/>
      <line num="53" count="2" type="stmt"/>
      <line num="54" count="2" type="stmt"/>
      <line num="56" count="6" type="cond" truecount="4" falsecount="1"/>
      <line num="62" count="10" type="stmt"/>
      <line num="63" count="9" type="stmt"/>
      <line num="64" count="9" type="cond" truecount="2" falsecount="0"/>
      <line num="65" count="5" type="stmt"/>
      <line num="66" count="4" type="cond" truecount="2" falsecount="0"/>
      <line num="67" count="2" type="stmt"/>
      <line num="69" count="2" type="stmt"/>
      <line num="71" count="9" type="cond" truecount="2" falsecount="0"/>
      <line num="74" count="10" type="stmt"/>
      <line num="80" count="7" type="stmt"/>
      <line num="82" count="7" type="cond" truecount="2" falsecount="0"/>
      <line num="84" count="7" type="stmt"/>
      <line num="101" count="7" type="stmt"/>
      <line num="102" count="7" type="stmt"/>
      <line num="103" count="7" type="stmt"/>
      <line num="112" count="3" type="stmt"/>
      <line num="113" count="3" type="stmt"/>
      <line num="115" count="3" type="cond" truecount="2" falsecount="0"/>
      <line num="116" count="1" type="stmt"/>
      <line num="119" count="2" type="stmt"/>
      <line num="125" count="2" type="stmt"/>
      <line num="126" count="2" type="stmt"/>
      <line num="130" count="1" type="stmt"/>
      <line num="134" count="0" type="stmt"/>
      <line num="140" count="6" type="stmt"/>
      <line num="141" count="6" type="stmt"/>
      <line num="143" count="6" type="cond" truecount="2" falsecount="0"/>
      <line num="144" count="1" type="stmt"/>
      <line num="147" count="5" type="stmt"/>
      <line num="148" count="5" type="stmt"/>
      <line num="154" count="5" type="stmt"/>
      <line num="156" count="5" type="cond" truecount="2" falsecount="0"/>
      <line num="157" count="6" type="cond" truecount="2" falsecount="0"/>
      <line num="159" count="6" type="stmt"/>
      <line num="166" count="4" type="stmt"/>
      <line num="167" count="4" type="stmt"/>
      <line num="168" count="4" type="cond" truecount="2" falsecount="0"/>
      <line num="170" count="3" type="stmt"/>
      <line num="176" count="3" type="stmt"/>
      <line num="177" count="3" type="stmt"/>
      <line num="185" count="7" type="stmt"/>
      <line num="186" count="7" type="cond" truecount="2" falsecount="0"/>
      <line num="187" count="1" type="stmt"/>
      <line num="190" count="6" type="stmt"/>
      <line num="191" count="6" type="cond" truecount="2" falsecount="0"/>
      <line num="192" count="1" type="stmt"/>
      <line num="195" count="5" type="stmt"/>
      <line num="196" count="5" type="cond" truecount="2" falsecount="0"/>
      <line num="197" count="3" type="stmt"/>
      <line num="200" count="2" type="stmt"/>
      <line num="207" count="3" type="stmt"/>
      <line num="208" count="3" type="stmt"/>
      <line num="209" count="3" type="stmt"/>
      <line num="210" count="3" type="stmt"/>
      <line num="221" count="0" type="stmt"/>
      <line num="231" count="0" type="stmt"/>
      <line num="232" count="0" type="stmt"/>
      <line num="238" count="0" type="stmt"/>
      <line num="242" count="0" type="stmt"/>
      <line num="243" count="0" type="stmt"/>
      <line num="247" count="7" type="stmt"/>
      <line num="248" count="7" type="stmt"/>
      <line num="250" count="7" type="stmt"/>
      <line num="255" count="7" type="stmt"/>
      <line num="266" count="7" type="stmt"/>
      <line num="270" count="0" type="stmt"/>
      <line num="271" count="0" type="stmt"/>
      <line num="272" count="0" type="cond" truecount="0" falsecount="2"/>
      <line num="277" count="4" type="stmt"/>
      <line num="278" count="8" type="cond" truecount="2" falsecount="0"/>
      <line num="279" count="4" type="stmt"/>
      <line num="283" count="1" type="stmt"/>
      <line num="292" count="1" type="stmt"/>
      <line num="293" count="1" type="stmt"/>
      <line num="297" count="1" type="stmt"/>
      <line num="298" count="1" type="stmt"/>
      <line num="302" count="1" type="stmt"/>
      <line num="306" count="3" type="stmt"/>
      <line num="310" count="3" type="stmt"/>
      <line num="311" count="3" type="stmt"/>
      <line num="312" count="3" type="stmt"/>
      <line num="322" count="3" type="stmt"/>
      <line num="326" count="4" type="stmt"/>
      <line num="327" count="4" type="cond" truecount="3" falsecount="1"/>
      <line num="328" count="0" type="stmt"/>
      <line num="330" count="3" type="cond" truecount="2" falsecount="0"/>
      <line num="331" count="4" type="stmt"/>
      <line num="333" count="4" type="cond" truecount="4" falsecount="0"/>
      <line num="341" count="15" type="stmt"/>
      <line num="342" count="15" type="stmt"/>
      <line num="343" count="15" type="stmt"/>
      <line num="344" count="15" type="stmt"/>
      <line num="345" count="569" type="stmt"/>
      <line num="346" count="569" type="cond" truecount="2" falsecount="0"/>
      <line num="347" count="2" type="cond" truecount="3" falsecount="1"/>
      <line num="348" count="2" type="stmt"/>
      <line num="349" count="567" type="cond" truecount="4" falsecount="0"/>
      <line num="350" count="67" type="stmt"/>
      <line num="351" count="67" type="stmt"/>
      <line num="353" count="500" type="stmt"/>
      <line num="356" count="15" type="stmt"/>
      <line num="357" count="15" type="stmt"/>
      <line num="361" count="17" type="stmt"/>
      <line num="362" count="8" type="cond" truecount="2" falsecount="0"/>
      <line num="364" count="39" type="stmt"/>
      <line num="365" count="7" type="stmt"/>
      <line num="366" count="7" type="stmt"/>
      <line num="368" count="7" type="stmt"/>
      <line num="369" count="8" type="stmt"/>
      <line num="370" count="8" type="stmt"/>
      <line num="371" count="8" type="stmt"/>
      <line num="372" count="60" type="stmt"/>
      <line num="373" count="60" type="cond" truecount="3" falsecount="1"/>
      <line num="376" count="8" type="stmt"/>
      <line num="377" count="8" type="cond" truecount="1" falsecount="1"/>
      <line num="378" count="8" type="cond" truecount="4" falsecount="0"/>
      <line num="380" count="7" type="stmt"/>
      <line num="381" count="7" type="cond" truecount="2" falsecount="0"/>
      <line num="383" count="6" type="stmt"/>
      <line num="384" count="6" type="cond" truecount="1" falsecount="1"/>
      <line num="386" count="6" type="stmt"/>
      <line num="387" count="6" type="stmt"/>
      <line num="389" count="6" type="stmt"/>
      <line num="398" count="2" type="cond" truecount="2" falsecount="0"/>
      <line num="401" count="0" type="stmt"/>
      <line num="405" count="8" type="stmt"/>
      <line num="411" count="1" type="stmt"/>
      <line num="412" count="1" type="stmt"/>
      <line num="413" count="1" type="stmt"/>
      <line num="414" count="2" type="stmt"/>
      <line num="415" count="2" type="stmt"/>
      <line num="417" count="1" type="stmt"/>
      <line num="421" count="2" type="stmt"/>
      <line num="422" count="2" type="stmt"/>
      <line num="423" count="3" type="stmt"/>
      <line num="429" count="3" type="stmt"/>
      <line num="430" count="3" type="stmt"/>
      <line num="432" count="2" type="stmt"/>
    </file>
  </project>
</coverage>
