{"/home/aster/Documents/GitHub/AetherAssembly/Before-Its-Gone/packages/core/src/inventory.ts": {"path":"/home/aster/Documents/GitHub/AetherAssembly/Before-Its-Gone/packages/core/src/inventory.ts","statementMap":{"0":{"start":{"line":30,"column":16},"end":{"line":30,"column":null}},"1":{"start":{"line":31,"column":2},"end":{"line":31,"column":null}},"2":{"start":{"line":31,"column":30},"end":{"line":31,"column":68}},"3":{"start":{"line":41,"column":103},"end":{"line":41,"column":null}},"4":{"start":{"line":42,"column":14},"end":{"line":42,"column":null}},"5":{"start":{"line":44,"column":2},"end":{"line":46,"column":null}},"6":{"start":{"line":45,"column":4},"end":{"line":45,"column":null}},"7":{"start":{"line":45,"column":35},"end":{"line":45,"column":61}},"8":{"start":{"line":48,"column":2},"end":{"line":50,"column":null}},"9":{"start":{"line":49,"column":4},"end":{"line":49,"column":null}},"10":{"start":{"line":49,"column":35},"end":{"line":49,"column":75}},"11":{"start":{"line":49,"column":53},"end":{"line":49,"column":74}},"12":{"start":{"line":52,"column":2},"end":{"line":60,"column":null}},"13":{"start":{"line":53,"column":14},"end":{"line":53,"column":null}},"14":{"start":{"line":54,"column":4},"end":{"line":59,"column":null}},"15":{"start":{"line":56,"column":8},"end":{"line":58,"column":null}},"16":{"start":{"line":62,"column":2},"end":{"line":72,"column":null}},"17":{"start":{"line":63,"column":14},"end":{"line":63,"column":null}},"18":{"start":{"line":64,"column":4},"end":{"line":70,"column":null}},"19":{"start":{"line":65,"column":6},"end":{"line":65,"column":null}},"20":{"start":{"line":66,"column":11},"end":{"line":70,"column":null}},"21":{"start":{"line":67,"column":6},"end":{"line":67,"column":null}},"22":{"start":{"line":69,"column":6},"end":{"line":69,"column":null}},"23":{"start":{"line":71,"column":4},"end":{"line":71,"column":null}},"24":{"start":{"line":74,"column":2},"end":{"line":74,"column":null}},"25":{"start":{"line":80,"column":20},"end":{"line":80,"column":null}},"26":{"start":{"line":82,"column":4},"end":{"line":83,"column":null}},"27":{"start":{"line":84,"column":34},"end":{"line":99,"column":null}},"28":{"start":{"line":101,"column":2},"end":{"line":101,"column":null}},"29":{"start":{"line":102,"column":2},"end":{"line":102,"column":null}},"30":{"start":{"line":103,"column":2},"end":{"line":103,"column":null}},"31":{"start":{"line":112,"column":16},"end":{"line":112,"column":null}},"32":{"start":{"line":113,"column":19},"end":{"line":113,"column":null}},"33":{"start":{"line":113,"column":40},"end":{"line":113,"column":54}},"34":{"start":{"line":115,"column":2},"end":{"line":117,"column":null}},"35":{"start":{"line":116,"column":4},"end":{"line":116,"column":null}},"36":{"start":{"line":119,"column":34},"end":{"line":123,"column":null}},"37":{"start":{"line":125,"column":2},"end":{"line":125,"column":null}},"38":{"start":{"line":126,"column":2},"end":{"line":126,"column":null}},"39":{"start":{"line":130,"column":2},"end":{"line":130,"column":null}},"40":{"start":{"line":134,"column":2},"end":{"line":134,"column":null}},"41":{"start":{"line":140,"column":16},"end":{"line":140,"column":null}},"42":{"start":{"line":141,"column":19},"end":{"line":141,"column":null}},"43":{"start":{"line":141,"column":40},"end":{"line":141,"column":54}},"44":{"start":{"line":143,"column":2},"end":{"line":145,"column":null}},"45":{"start":{"line":144,"column":4},"end":{"line":144,"column":null}},"46":{"start":{"line":147,"column":18},"end":{"line":147,"column":null}},"47":{"start":{"line":148,"column":34},"end":{"line":152,"column":null}},"48":{"start":{"line":154,"column":2},"end":{"line":154,"column":null}},"49":{"start":{"line":156,"column":20},"end":{"line":156,"column":null}},"50":{"start":{"line":157,"column":19},"end":{"line":157,"column":null}},"51":{"start":{"line":159,"column":2},"end":{"line":159,"column":null}},"52":{"start":{"line":166,"column":16},"end":{"line":166,"column":null}},"53":{"start":{"line":167,"column":19},"end":{"line":167,"column":null}},"54":{"start":{"line":167,"column":40},"end":{"line":167,"column":54}},"55":{"start":{"line":168,"column":2},"end":{"line":168,"column":null}},"56":{"start":{"line":168,"column":17},"end":{"line":168,"column":null}},"57":{"start":{"line":170,"column":34},"end":{"line":174,"column":null}},"58":{"start":{"line":176,"column":2},"end":{"line":176,"column":null}},"59":{"start":{"line":177,"column":2},"end":{"line":177,"column":null}},"60":{"start":{"line":185,"column":21},"end":{"line":185,"column":null}},"61":{"start":{"line":186,"column":2},"end":{"line":188,"column":null}},"62":{"start":{"line":187,"column":4},"end":{"line":187,"column":null}},"63":{"start":{"line":190,"column":22},"end":{"line":190,"column":null}},"64":{"start":{"line":191,"column":2},"end":{"line":193,"column":null}},"65":{"start":{"line":192,"column":4},"end":{"line":192,"column":null}},"66":{"start":{"line":195,"column":16},"end":{"line":195,"column":null}},"67":{"start":{"line":196,"column":2},"end":{"line":198,"column":null}},"68":{"start":{"line":197,"column":4},"end":{"line":197,"column":null}},"69":{"start":{"line":200,"column":2},"end":{"line":200,"column":null}},"70":{"start":{"line":207,"column":19},"end":{"line":207,"column":null}},"71":{"start":{"line":208,"column":15},"end":{"line":208,"column":null}},"72":{"start":{"line":209,"column":2},"end":{"line":209,"column":null}},"73":{"start":{"line":210,"column":2},"end":{"line":210,"column":null}},"74":{"start":{"line":221,"column":34},"end":{"line":229,"column":null}},"75":{"start":{"line":231,"column":2},"end":{"line":231,"column":null}},"76":{"start":{"line":232,"column":2},"end":{"line":232,"column":null}},"77":{"start":{"line":238,"column":2},"end":{"line":238,"column":null}},"78":{"start":{"line":242,"column":19},"end":{"line":242,"column":null}},"79":{"start":{"line":243,"column":2},"end":{"line":243,"column":null}},"80":{"start":{"line":243,"column":33},"end":{"line":243,"column":71}},"81":{"start":{"line":247,"column":20},"end":{"line":247,"column":null}},"82":{"start":{"line":248,"column":19},"end":{"line":248,"column":null}},"83":{"start":{"line":250,"column":24},"end":{"line":253,"column":null}},"84":{"start":{"line":255,"column":29},"end":{"line":264,"column":null}},"85":{"start":{"line":266,"column":2},"end":{"line":266,"column":null}},"86":{"start":{"line":270,"column":18},"end":{"line":270,"column":null}},"87":{"start":{"line":271,"column":2},"end":{"line":273,"column":null}},"88":{"start":{"line":272,"column":20},"end":{"line":272,"column":87}},"89":{"start":{"line":277,"column":2},"end":{"line":279,"column":null}},"90":{"start":{"line":278,"column":22},"end":{"line":278,"column":98}},"91":{"start":{"line":279,"column":20},"end":{"line":279,"column":48}},"92":{"start":{"line":283,"column":31},"end":{"line":291,"column":null}},"93":{"start":{"line":292,"column":2},"end":{"line":292,"column":null}},"94":{"start":{"line":293,"column":2},"end":{"line":293,"column":null}},"95":{"start":{"line":297,"column":18},"end":{"line":297,"column":null}},"96":{"start":{"line":298,"column":2},"end":{"line":298,"column":null}},"97":{"start":{"line":298,"column":32},"end":{"line":298,"column":68}},"98":{"start":{"line":302,"column":2},"end":{"line":302,"column":null}},"99":{"start":{"line":306,"column":2},"end":{"line":306,"column":null}},"100":{"start":{"line":310,"column":17},"end":{"line":310,"column":null}},"101":{"start":{"line":311,"column":15},"end":{"line":321,"column":null}},"102":{"start":{"line":312,"column":4},"end":{"line":320,"column":null}},"103":{"start":{"line":322,"column":2},"end":{"line":322,"column":null}},"104":{"start":{"line":326,"column":17},"end":{"line":326,"column":null}},"105":{"start":{"line":327,"column":2},"end":{"line":329,"column":null}},"106":{"start":{"line":328,"column":4},"end":{"line":328,"column":null}},"107":{"start":{"line":330,"column":16},"end":{"line":330,"column":null}},"108":{"start":{"line":331,"column":2},"end":{"line":337,"column":null}},"109":{"start":{"line":333,"column":6},"end":{"line":336,"column":null}},"110":{"start":{"line":341,"column":27},"end":{"line":341,"column":null}},"111":{"start":{"line":342,"column":16},"end":{"line":342,"column":null}},"112":{"start":{"line":343,"column":17},"end":{"line":343,"column":null}},"113":{"start":{"line":344,"column":2},"end":{"line":355,"column":null}},"114":{"start":{"line":344,"column":15},"end":{"line":344,"column":18}},"115":{"start":{"line":345,"column":15},"end":{"line":345,"column":null}},"116":{"start":{"line":346,"column":4},"end":{"line":354,"column":null}},"117":{"start":{"line":347,"column":6},"end":{"line":348,"column":null}},"118":{"start":{"line":347,"column":45},"end":{"line":347,"column":61}},"119":{"start":{"line":347,"column":61},"end":{"line":347,"column":66}},"120":{"start":{"line":348,"column":13},"end":{"line":348,"column":35}},"121":{"start":{"line":349,"column":11},"end":{"line":354,"column":null}},"122":{"start":{"line":350,"column":6},"end":{"line":350,"column":null}},"123":{"start":{"line":351,"column":6},"end":{"line":351,"column":null}},"124":{"start":{"line":353,"column":6},"end":{"line":353,"column":null}},"125":{"start":{"line":356,"column":2},"end":{"line":356,"column":null}},"126":{"start":{"line":357,"column":2},"end":{"line":357,"column":null}},"127":{"start":{"line":361,"column":16},"end":{"line":361,"column":null}},"128":{"start":{"line":361,"column":46},"end":{"line":361,"column":54}},"129":{"start":{"line":362,"column":2},"end":{"line":362,"column":null}},"130":{"start":{"line":362,"column":24},"end":{"line":362,"column":null}},"131":{"start":{"line":364,"column":17},"end":{"line":364,"column":null}},"132":{"start":{"line":364,"column":51},"end":{"line":364,"column":95}},"133":{"start":{"line":365,"column":36},"end":{"line":365,"column":null}},"134":{"start":{"line":366,"column":16},"end":{"line":366,"column":null}},"135":{"start":{"line":368,"column":2},"end":{"line":403,"column":null}},"136":{"start":{"line":368,"column":15},"end":{"line":368,"column":18}},"137":{"start":{"line":369,"column":4},"end":{"line":402,"column":null}},"138":{"start":{"line":370,"column":19},"end":{"line":370,"column":null}},"139":{"start":{"line":371,"column":12},"end":{"line":374,"column":null}},"140":{"start":{"line":372,"column":20},"end":{"line":372,"column":null}},"141":{"start":{"line":373,"column":8},"end":{"line":373,"column":null}},"142":{"start":{"line":376,"column":19},"end":{"line":376,"column":null}},"143":{"start":{"line":377,"column":24},"end":{"line":377,"column":null}},"144":{"start":{"line":378,"column":6},"end":{"line":378,"column":null}},"145":{"start":{"line":378,"column":33},"end":{"line":378,"column":44}},"146":{"start":{"line":378,"column":44},"end":{"line":378,"column":54}},"147":{"start":{"line":380,"column":23},"end":{"line":380,"column":null}},"148":{"start":{"line":381,"column":6},"end":{"line":381,"column":null}},"149":{"start":{"line":381,"column":65},"end":{"line":381,"column":76}},"150":{"start":{"line":381,"column":76},"end":{"line":381,"column":86}},"151":{"start":{"line":383,"column":24},"end":{"line":383,"column":null}},"152":{"start":{"line":384,"column":6},"end":{"line":384,"column":null}},"153":{"start":{"line":384,"column":50},"end":{"line":384,"column":61}},"154":{"start":{"line":384,"column":61},"end":{"line":384,"column":71}},"155":{"start":{"line":386,"column":27},"end":{"line":386,"column":null}},"156":{"start":{"line":387,"column":23},"end":{"line":387,"column":null}},"157":{"start":{"line":389,"column":6},"end":{"line":399,"column":null}},"158":{"start":{"line":398,"column":62},"end":{"line":398,"column":70}},"159":{"start":{"line":401,"column":6},"end":{"line":401,"column":null}},"160":{"start":{"line":405,"column":2},"end":{"line":405,"column":null}},"161":{"start":{"line":411,"column":29},"end":{"line":411,"column":null}},"162":{"start":{"line":412,"column":17},"end":{"line":412,"column":null}},"163":{"start":{"line":413,"column":2},"end":{"line":416,"column":null}},"164":{"start":{"line":414,"column":4},"end":{"line":414,"column":null}},"165":{"start":{"line":415,"column":4},"end":{"line":415,"column":null}},"166":{"start":{"line":417,"column":2},"end":{"line":417,"column":null}},"167":{"start":{"line":421,"column":14},"end":{"line":421,"column":null}},"168":{"start":{"line":422,"column":2},"end":{"line":431,"column":null}},"169":{"start":{"line":423,"column":37},"end":{"line":428,"column":null}},"170":{"start":{"line":429,"column":4},"end":{"line":429,"column":null}},"171":{"start":{"line":430,"column":4},"end":{"line":430,"column":null}},"172":{"start":{"line":432,"column":2},"end":{"line":432,"column":null}}},"fnMap":{"0":{"name":"getInventory","decl":{"start":{"line":29,"column":22},"end":{"line":29,"column":63}},"loc":{"start":{"line":29,"column":63},"end":{"line":32,"column":null}},"line":29},"1":{"name":"(anonymous_1)","decl":{"start":{"line":31,"column":15},"end":{"line":31,"column":21}},"loc":{"start":{"line":31,"column":30},"end":{"line":31,"column":68}},"line":31},"2":{"name":"getFilteredInventory","decl":{"start":{"line":34,"column":22},"end":{"line":34,"column":43}},"loc":{"start":{"line":40,"column":29},"end":{"line":75,"column":null}},"line":40},"3":{"name":"(anonymous_3)","decl":{"start":{"line":45,"column":18},"end":{"line":45,"column":26}},"loc":{"start":{"line":45,"column":35},"end":{"line":45,"column":61}},"line":45},"4":{"name":"(anonymous_4)","decl":{"start":{"line":49,"column":18},"end":{"line":49,"column":26}},"loc":{"start":{"line":49,"column":35},"end":{"line":49,"column":75}},"line":49},"5":{"name":"(anonymous_5)","decl":{"start":{"line":49,"column":40},"end":{"line":49,"column":47}},"loc":{"start":{"line":49,"column":53},"end":{"line":49,"column":74}},"line":49},"6":{"name":"(anonymous_6)","decl":{"start":{"line":54,"column":18},"end":{"line":54,"column":null}},"loc":{"start":{"line":56,"column":8},"end":{"line":58,"column":null}},"line":56},"7":{"name":"(anonymous_7)","decl":{"start":{"line":62,"column":8},"end":{"line":62,"column":14}},"loc":{"start":{"line":62,"column":23},"end":{"line":72,"column":3}},"line":62},"8":{"name":"createInventoryItem","decl":{"start":{"line":77,"column":22},"end":{"line":77,"column":null}},"loc":{"start":{"line":79,"column":26},"end":{"line":104,"column":null}},"line":79},"9":{"name":"updateInventoryItem","decl":{"start":{"line":106,"column":22},"end":{"line":106,"column":null}},"loc":{"start":{"line":111,"column":33},"end":{"line":127,"column":null}},"line":111},"10":{"name":"(anonymous_10)","decl":{"start":{"line":113,"column":25},"end":{"line":113,"column":31}},"loc":{"start":{"line":113,"column":40},"end":{"line":113,"column":54}},"line":113},"11":{"name":"deleteInventoryItem","decl":{"start":{"line":129,"column":22},"end":{"line":129,"column":42}},"loc":{"start":{"line":129,"column":69},"end":{"line":131,"column":null}},"line":129},"12":{"name":"clearInventory","decl":{"start":{"line":133,"column":22},"end":{"line":133,"column":54}},"loc":{"start":{"line":133,"column":54},"end":{"line":135,"column":null}},"line":133},"13":{"name":"decrementItemQuantity","decl":{"start":{"line":137,"column":22},"end":{"line":137,"column":null}},"loc":{"start":{"line":139,"column":62},"end":{"line":160,"column":null}},"line":139},"14":{"name":"(anonymous_14)","decl":{"start":{"line":141,"column":25},"end":{"line":141,"column":31}},"loc":{"start":{"line":141,"column":40},"end":{"line":141,"column":54}},"line":141},"15":{"name":"incrementItemQuantity","decl":{"start":{"line":162,"column":22},"end":{"line":162,"column":null}},"loc":{"start":{"line":165,"column":33},"end":{"line":178,"column":null}},"line":165},"16":{"name":"(anonymous_16)","decl":{"start":{"line":167,"column":25},"end":{"line":167,"column":31}},"loc":{"start":{"line":167,"column":40},"end":{"line":167,"column":54}},"line":167},"17":{"name":"calculateExpiryStatus","decl":{"start":{"line":180,"column":16},"end":{"line":180,"column":null}},"loc":{"start":{"line":184,"column":16},"end":{"line":201,"column":null}},"line":184},"18":{"name":"calculateExpiryDateISO","decl":{"start":{"line":203,"column":16},"end":{"line":203,"column":null}},"loc":{"start":{"line":206,"column":10},"end":{"line":211,"column":null}},"line":206},"19":{"name":"saveBarcodeProfile","decl":{"start":{"line":213,"column":22},"end":{"line":213,"column":41}},"loc":{"start":{"line":220,"column":28},"end":{"line":233,"column":null}},"line":220},"20":{"name":"findBarcodeProfile","decl":{"start":{"line":235,"column":22},"end":{"line":235,"column":null}},"loc":{"start":{"line":237,"column":34},"end":{"line":239,"column":null}},"line":237},"21":{"name":"getBarcodeProfiles","decl":{"start":{"line":241,"column":22},"end":{"line":241,"column":70}},"loc":{"start":{"line":241,"column":70},"end":{"line":244,"column":null}},"line":241},"22":{"name":"(anonymous_22)","decl":{"start":{"line":243,"column":18},"end":{"line":243,"column":24}},"loc":{"start":{"line":243,"column":33},"end":{"line":243,"column":71}},"line":243},"23":{"name":"recordItemHistory","decl":{"start":{"line":246,"column":15},"end":{"line":246,"column":33}},"loc":{"start":{"line":246,"column":69},"end":{"line":267,"column":null}},"line":246},"24":{"name":"getFrequentItems","decl":{"start":{"line":269,"column":22},"end":{"line":269,"column":39}},"loc":{"start":{"line":269,"column":74},"end":{"line":274,"column":null}},"line":269},"25":{"name":"(anonymous_25)","decl":{"start":{"line":272,"column":5},"end":{"line":272,"column":11}},"loc":{"start":{"line":272,"column":20},"end":{"line":272,"column":87}},"line":272},"26":{"name":"getShoppingList","decl":{"start":{"line":276,"column":16},"end":{"line":276,"column":32}},"loc":{"start":{"line":276,"column":73},"end":{"line":280,"column":null}},"line":276},"27":{"name":"(anonymous_27)","decl":{"start":{"line":278,"column":5},"end":{"line":278,"column":13}},"loc":{"start":{"line":278,"column":22},"end":{"line":278,"column":98}},"line":278},"28":{"name":"(anonymous_28)","decl":{"start":{"line":279,"column":5},"end":{"line":279,"column":11}},"loc":{"start":{"line":279,"column":20},"end":{"line":279,"column":48}},"line":279},"29":{"name":"logWastedItem","decl":{"start":{"line":282,"column":22},"end":{"line":282,"column":36}},"loc":{"start":{"line":282,"column":81},"end":{"line":294,"column":null}},"line":282},"30":{"name":"getWasteLog","decl":{"start":{"line":296,"column":22},"end":{"line":296,"column":62}},"loc":{"start":{"line":296,"column":62},"end":{"line":299,"column":null}},"line":296},"31":{"name":"(anonymous_31)","decl":{"start":{"line":298,"column":17},"end":{"line":298,"column":23}},"loc":{"start":{"line":298,"column":32},"end":{"line":298,"column":68}},"line":298},"32":{"name":"clearWasteLog","decl":{"start":{"line":301,"column":22},"end":{"line":301,"column":53}},"loc":{"start":{"line":301,"column":53},"end":{"line":303,"column":null}},"line":301},"33":{"name":"exportInventoryAsJSON","decl":{"start":{"line":305,"column":16},"end":{"line":305,"column":38}},"loc":{"start":{"line":305,"column":70},"end":{"line":307,"column":null}},"line":305},"34":{"name":"exportInventoryAsCSV","decl":{"start":{"line":309,"column":16},"end":{"line":309,"column":37}},"loc":{"start":{"line":309,"column":69},"end":{"line":323,"column":null}},"line":309},"35":{"name":"(anonymous_35)","decl":{"start":{"line":311,"column":21},"end":{"line":311,"column":26}},"loc":{"start":{"line":312,"column":4},"end":{"line":320,"column":null}},"line":312},"36":{"name":"parseInventoryJSON","decl":{"start":{"line":325,"column":16},"end":{"line":325,"column":35}},"loc":{"start":{"line":325,"column":66},"end":{"line":338,"column":null}},"line":325},"37":{"name":"(anonymous_37)","decl":{"start":{"line":331,"column":15},"end":{"line":331,"column":null}},"loc":{"start":{"line":333,"column":6},"end":{"line":336,"column":null}},"line":333},"38":{"name":"parseCSVLine","decl":{"start":{"line":340,"column":9},"end":{"line":340,"column":22}},"loc":{"start":{"line":340,"column":46},"end":{"line":358,"column":null}},"line":340},"39":{"name":"parseInventoryCSV","decl":{"start":{"line":360,"column":16},"end":{"line":360,"column":34}},"loc":{"start":{"line":360,"column":95},"end":{"line":406,"column":null}},"line":360},"40":{"name":"(anonymous_40)","decl":{"start":{"line":361,"column":35},"end":{"line":361,"column":40}},"loc":{"start":{"line":361,"column":46},"end":{"line":361,"column":54}},"line":361},"41":{"name":"(anonymous_41)","decl":{"start":{"line":364,"column":40},"end":{"line":364,"column":45}},"loc":{"start":{"line":364,"column":51},"end":{"line":364,"column":95}},"line":364},"42":{"name":"(anonymous_42)","decl":{"start":{"line":371,"column":12},"end":{"line":371,"column":19}},"loc":{"start":{"line":371,"column":43},"end":{"line":374,"column":null}},"line":371},"43":{"name":"(anonymous_43)","decl":{"start":{"line":398,"column":51},"end":{"line":398,"column":56}},"loc":{"start":{"line":398,"column":62},"end":{"line":398,"column":70}},"line":398},"44":{"name":"importInventoryItemsFromCSV","decl":{"start":{"line":408,"column":22},"end":{"line":408,"column":null}},"loc":{"start":{"line":410,"column":50},"end":{"line":418,"column":null}},"line":410},"45":{"name":"importInventoryItems","decl":{"start":{"line":420,"column":22},"end":{"line":420,"column":43}},"loc":{"start":{"line":420,"column":84},"end":{"line":433,"column":null}},"line":420}},"branchMap":{"0":{"loc":{"start":{"line":41,"column":10},"end":{"line":41,"column":23}},"type":"default-arg","locations":[{"start":{"line":41,"column":19},"end":{"line":41,"column":23}}],"line":41},"1":{"loc":{"start":{"line":41,"column":23},"end":{"line":41,"column":41}},"type":"default-arg","locations":[{"start":{"line":41,"column":34},"end":{"line":41,"column":41}}],"line":41},"2":{"loc":{"start":{"line":41,"column":41},"end":{"line":41,"column":66}},"type":"default-arg","locations":[{"start":{"line":41,"column":53},"end":{"line":41,"column":66}}],"line":41},"3":{"loc":{"start":{"line":41,"column":66},"end":{"line":41,"column":89}},"type":"default-arg","locations":[{"start":{"line":41,"column":82},"end":{"line":41,"column":89}}],"line":41},"4":{"loc":{"start":{"line":41,"column":89},"end":{"line":41,"column":103}},"type":"default-arg","locations":[{"start":{"line":41,"column":96},"end":{"line":41,"column":103}}],"line":41},"5":{"loc":{"start":{"line":44,"column":2},"end":{"line":46,"column":null}},"type":"if","locations":[{"start":{"line":44,"column":2},"end":{"line":46,"column":null}},{"start":{},"end":{}}],"line":44},"6":{"loc":{"start":{"line":48,"column":2},"end":{"line":50,"column":null}},"type":"if","locations":[{"start":{"line":48,"column":2},"end":{"line":50,"column":null}},{"start":{},"end":{}}],"line":48},"7":{"loc":{"start":{"line":52,"column":2},"end":{"line":60,"column":null}},"type":"if","locations":[{"start":{"line":52,"column":2},"end":{"line":60,"column":null}},{"start":{},"end":{}}],"line":52},"8":{"loc":{"start":{"line":56,"column":8},"end":{"line":58,"column":null}},"type":"binary-expr","locations":[{"start":{"line":56,"column":8},"end":{"line":56,"column":null}},{"start":{"line":57,"column":9},"end":{"line":57,"column":52}},{"start":{"line":57,"column":52},"end":{"line":57,"column":null}},{"start":{"line":58,"column":9},"end":{"line":58,"column":53}},{"start":{"line":58,"column":53},"end":{"line":58,"column":null}}],"line":56},"9":{"loc":{"start":{"line":64,"column":4},"end":{"line":70,"column":null}},"type":"if","locations":[{"start":{"line":64,"column":4},"end":{"line":70,"column":null}},{"start":{"line":66,"column":11},"end":{"line":70,"column":null}}],"line":64},"10":{"loc":{"start":{"line":66,"column":11},"end":{"line":70,"column":null}},"type":"if","locations":[{"start":{"line":66,"column":11},"end":{"line":70,"column":null}},{"start":{"line":68,"column":11},"end":{"line":70,"column":null}}],"line":66},"11":{"loc":{"start":{"line":71,"column":11},"end":{"line":71,"column":null}},"type":"cond-expr","locations":[{"start":{"line":71,"column":37},"end":{"line":71,"column":43}},{"start":{"line":71,"column":43},"end":{"line":71,"column":null}}],"line":71},"12":{"loc":{"start":{"line":82,"column":4},"end":{"line":83,"column":null}},"type":"binary-expr","locations":[{"start":{"line":82,"column":4},"end":{"line":82,"column":null}},{"start":{"line":83,"column":4},"end":{"line":83,"column":null}}],"line":82},"13":{"loc":{"start":{"line":89,"column":13},"end":{"line":89,"column":null}},"type":"binary-expr","locations":[{"start":{"line":89,"column":13},"end":{"line":89,"column":29}},{"start":{"line":89,"column":29},"end":{"line":89,"column":null}}],"line":89},"14":{"loc":{"start":{"line":94,"column":14},"end":{"line":94,"column":null}},"type":"binary-expr","locations":[{"start":{"line":94,"column":14},"end":{"line":94,"column":31}},{"start":{"line":94,"column":31},"end":{"line":94,"column":null}}],"line":94},"15":{"loc":{"start":{"line":95,"column":24},"end":{"line":95,"column":null}},"type":"binary-expr","locations":[{"start":{"line":95,"column":24},"end":{"line":95,"column":51}},{"start":{"line":95,"column":51},"end":{"line":95,"column":null}}],"line":95},"16":{"loc":{"start":{"line":96,"column":10},"end":{"line":96,"column":null}},"type":"binary-expr","locations":[{"start":{"line":96,"column":10},"end":{"line":96,"column":23}},{"start":{"line":96,"column":23},"end":{"line":96,"column":null}}],"line":96},"17":{"loc":{"start":{"line":97,"column":15},"end":{"line":97,"column":null}},"type":"binary-expr","locations":[{"start":{"line":97,"column":15},"end":{"line":97,"column":33}},{"start":{"line":97,"column":33},"end":{"line":97,"column":null}}],"line":97},"18":{"loc":{"start":{"line":115,"column":2},"end":{"line":117,"column":null}},"type":"if","locations":[{"start":{"line":115,"column":2},"end":{"line":117,"column":null}},{"start":{},"end":{}}],"line":115},"19":{"loc":{"start":{"line":143,"column":2},"end":{"line":145,"column":null}},"type":"if","locations":[{"start":{"line":143,"column":2},"end":{"line":145,"column":null}},{"start":{},"end":{}}],"line":143},"20":{"loc":{"start":{"line":156,"column":20},"end":{"line":156,"column":null}},"type":"binary-expr","locations":[{"start":{"line":156,"column":20},"end":{"line":156,"column":51}},{"start":{"line":156,"column":51},"end":{"line":156,"column":null}}],"line":156},"21":{"loc":{"start":{"line":157,"column":19},"end":{"line":157,"column":null}},"type":"binary-expr","locations":[{"start":{"line":157,"column":19},"end":{"line":157,"column":43}},{"start":{"line":157,"column":43},"end":{"line":157,"column":null}}],"line":157},"22":{"loc":{"start":{"line":164,"column":2},"end":{"line":164,"column":null}},"type":"default-arg","locations":[{"start":{"line":164,"column":7},"end":{"line":164,"column":null}}],"line":164},"23":{"loc":{"start":{"line":168,"column":2},"end":{"line":168,"column":null}},"type":"if","locations":[{"start":{"line":168,"column":2},"end":{"line":168,"column":null}},{"start":{},"end":{}}],"line":168},"24":{"loc":{"start":{"line":182,"column":2},"end":{"line":182,"column":null}},"type":"default-arg","locations":[{"start":{"line":182,"column":22},"end":{"line":182,"column":null}}],"line":182},"25":{"loc":{"start":{"line":183,"column":2},"end":{"line":183,"column":null}},"type":"default-arg","locations":[{"start":{"line":183,"column":8},"end":{"line":183,"column":null}}],"line":183},"26":{"loc":{"start":{"line":186,"column":2},"end":{"line":188,"column":null}},"type":"if","locations":[{"start":{"line":186,"column":2},"end":{"line":188,"column":null}},{"start":{},"end":{}}],"line":186},"27":{"loc":{"start":{"line":191,"column":2},"end":{"line":193,"column":null}},"type":"if","locations":[{"start":{"line":191,"column":2},"end":{"line":193,"column":null}},{"start":{},"end":{}}],"line":191},"28":{"loc":{"start":{"line":196,"column":2},"end":{"line":198,"column":null}},"type":"if","locations":[{"start":{"line":196,"column":2},"end":{"line":198,"column":null}},{"start":{},"end":{}}],"line":196},"29":{"loc":{"start":{"line":205,"column":2},"end":{"line":205,"column":null}},"type":"default-arg","locations":[{"start":{"line":205,"column":13},"end":{"line":205,"column":null}}],"line":205},"30":{"loc":{"start":{"line":227,"column":21},"end":{"line":227,"column":null}},"type":"binary-expr","locations":[{"start":{"line":227,"column":21},"end":{"line":227,"column":46}},{"start":{"line":227,"column":46},"end":{"line":227,"column":null}}],"line":227},"31":{"loc":{"start":{"line":228,"column":15},"end":{"line":228,"column":null}},"type":"binary-expr","locations":[{"start":{"line":228,"column":15},"end":{"line":228,"column":34}},{"start":{"line":228,"column":34},"end":{"line":228,"column":null}}],"line":228},"32":{"loc":{"start":{"line":263,"column":15},"end":{"line":263,"column":42}},"type":"binary-expr","locations":[{"start":{"line":263,"column":15},"end":{"line":263,"column":37}},{"start":{"line":263,"column":37},"end":{"line":263,"column":42}}],"line":263},"33":{"loc":{"start":{"line":269,"column":39},"end":{"line":269,"column":74}},"type":"default-arg","locations":[{"start":{"line":269,"column":47},"end":{"line":269,"column":74}}],"line":269},"34":{"loc":{"start":{"line":272,"column":20},"end":{"line":272,"column":87}},"type":"binary-expr","locations":[{"start":{"line":272,"column":20},"end":{"line":272,"column":47}},{"start":{"line":272,"column":47},"end":{"line":272,"column":87}}],"line":272},"35":{"loc":{"start":{"line":278,"column":22},"end":{"line":278,"column":98}},"type":"binary-expr","locations":[{"start":{"line":278,"column":22},"end":{"line":278,"column":58}},{"start":{"line":278,"column":58},"end":{"line":278,"column":98}}],"line":278},"36":{"loc":{"start":{"line":316,"column":6},"end":{"line":316,"column":null}},"type":"binary-expr","locations":[{"start":{"line":316,"column":6},"end":{"line":316,"column":22}},{"start":{"line":316,"column":22},"end":{"line":316,"column":null}}],"line":316},"37":{"loc":{"start":{"line":318,"column":6},"end":{"line":318,"column":null}},"type":"binary-expr","locations":[{"start":{"line":318,"column":6},"end":{"line":318,"column":23}},{"start":{"line":318,"column":23},"end":{"line":318,"column":null}}],"line":318},"38":{"loc":{"start":{"line":327,"column":2},"end":{"line":329,"column":null}},"type":"if","locations":[{"start":{"line":327,"column":2},"end":{"line":329,"column":null}},{"start":{},"end":{}}],"line":327},"39":{"loc":{"start":{"line":327,"column":6},"end":{"line":327,"column":45}},"type":"binary-expr","locations":[{"start":{"line":327,"column":6},"end":{"line":327,"column":17}},{"start":{"line":327,"column":17},"end":{"line":327,"column":45}}],"line":327},"40":{"loc":{"start":{"line":330,"column":16},"end":{"line":330,"column":null}},"type":"cond-expr","locations":[{"start":{"line":330,"column":46},"end":{"line":330,"column":61}},{"start":{"line":330,"column":61},"end":{"line":330,"column":null}}],"line":330},"41":{"loc":{"start":{"line":333,"column":6},"end":{"line":336,"column":null}},"type":"binary-expr","locations":[{"start":{"line":333,"column":6},"end":{"line":333,"column":null}},{"start":{"line":334,"column":6},"end":{"line":334,"column":null}},{"start":{"line":335,"column":6},"end":{"line":335,"column":null}},{"start":{"line":336,"column":6},"end":{"line":336,"column":null}}],"line":333},"42":{"loc":{"start":{"line":346,"column":4},"end":{"line":354,"column":null}},"type":"if","locations":[{"start":{"line":346,"column":4},"end":{"line":354,"column":null}},{"start":{"line":349,"column":11},"end":{"line":354,"column":null}}],"line":346},"43":{"loc":{"start":{"line":347,"column":6},"end":{"line":348,"column":null}},"type":"if","locations":[{"start":{"line":347,"column":6},"end":{"line":348,"column":null}},{"start":{"line":348,"column":11},"end":{"line":348,"column":null}}],"line":347},"44":{"loc":{"start":{"line":347,"column":10},"end":{"line":347,"column":43}},"type":"binary-expr","locations":[{"start":{"line":347,"column":10},"end":{"line":347,"column":22}},{"start":{"line":347,"column":22},"end":{"line":347,"column":43}}],"line":347},"45":{"loc":{"start":{"line":349,"column":11},"end":{"line":354,"column":null}},"type":"if","locations":[{"start":{"line":349,"column":11},"end":{"line":354,"column":null}},{"start":{"line":352,"column":11},"end":{"line":354,"column":null}}],"line":349},"46":{"loc":{"start":{"line":349,"column":15},"end":{"line":349,"column":40}},"type":"binary-expr","locations":[{"start":{"line":349,"column":15},"end":{"line":349,"column":29}},{"start":{"line":349,"column":29},"end":{"line":349,"column":40}}],"line":349},"47":{"loc":{"start":{"line":362,"column":2},"end":{"line":362,"column":null}},"type":"if","locations":[{"start":{"line":362,"column":2},"end":{"line":362,"column":null}},{"start":{},"end":{}}],"line":362},"48":{"loc":{"start":{"line":373,"column":15},"end":{"line":373,"column":null}},"type":"cond-expr","locations":[{"start":{"line":373,"column":22},"end":{"line":373,"column":75}},{"start":{"line":373,"column":75},"end":{"line":373,"column":null}}],"line":373},"49":{"loc":{"start":{"line":373,"column":27},"end":{"line":373,"column":44}},"type":"binary-expr","locations":[{"start":{"line":373,"column":27},"end":{"line":373,"column":40}},{"start":{"line":373,"column":40},"end":{"line":373,"column":44}}],"line":373},"50":{"loc":{"start":{"line":377,"column":24},"end":{"line":377,"column":null}},"type":"binary-expr","locations":[{"start":{"line":377,"column":24},"end":{"line":377,"column":45}},{"start":{"line":377,"column":45},"end":{"line":377,"column":null}}],"line":377},"51":{"loc":{"start":{"line":378,"column":6},"end":{"line":378,"column":null}},"type":"if","locations":[{"start":{"line":378,"column":6},"end":{"line":378,"column":null}},{"start":{},"end":{}}],"line":378},"52":{"loc":{"start":{"line":378,"column":10},"end":{"line":378,"column":31}},"type":"binary-expr","locations":[{"start":{"line":378,"column":10},"end":{"line":378,"column":19}},{"start":{"line":378,"column":19},"end":{"line":378,"column":31}}],"line":378},"53":{"loc":{"start":{"line":381,"column":6},"end":{"line":381,"column":null}},"type":"if","locations":[{"start":{"line":381,"column":6},"end":{"line":381,"column":null}},{"start":{},"end":{}}],"line":381},"54":{"loc":{"start":{"line":384,"column":6},"end":{"line":384,"column":null}},"type":"if","locations":[{"start":{"line":384,"column":6},"end":{"line":384,"column":null}},{"start":{},"end":{}}],"line":384},"55":{"loc":{"start":{"line":391,"column":30},"end":{"line":391,"column":58}},"type":"binary-expr","locations":[{"start":{"line":391,"column":30},"end":{"line":391,"column":57}},{"start":{"line":391,"column":57},"end":{"line":391,"column":58}}],"line":391},"56":{"loc":{"start":{"line":393,"column":17},"end":{"line":393,"column":null}},"type":"binary-expr","locations":[{"start":{"line":393,"column":17},"end":{"line":393,"column":35}},{"start":{"line":393,"column":35},"end":{"line":393,"column":null}}],"line":393},"57":{"loc":{"start":{"line":395,"column":23},"end":{"line":395,"column":null}},"type":"cond-expr","locations":[{"start":{"line":395,"column":34},"end":{"line":395,"column":71}},{"start":{"line":395,"column":71},"end":{"line":395,"column":null}}],"line":395},"58":{"loc":{"start":{"line":395,"column":46},"end":{"line":395,"column":67}},"type":"binary-expr","locations":[{"start":{"line":395,"column":46},"end":{"line":395,"column":66}},{"start":{"line":395,"column":66},"end":{"line":395,"column":67}}],"line":395},"59":{"loc":{"start":{"line":396,"column":18},"end":{"line":396,"column":null}},"type":"binary-expr","locations":[{"start":{"line":396,"column":18},"end":{"line":396,"column":37}},{"start":{"line":396,"column":37},"end":{"line":396,"column":null}}],"line":396},"60":{"loc":{"start":{"line":397,"column":28},"end":{"line":397,"column":null}},"type":"cond-expr","locations":[{"start":{"line":397,"column":43},"end":{"line":397,"column":74}},{"start":{"line":397,"column":74},"end":{"line":397,"column":null}}],"line":397},"61":{"loc":{"start":{"line":397,"column":43},"end":{"line":397,"column":74}},"type":"binary-expr","locations":[{"start":{"line":397,"column":43},"end":{"line":397,"column":67}},{"start":{"line":397,"column":67},"end":{"line":397,"column":74}}],"line":397},"62":{"loc":{"start":{"line":398,"column":14},"end":{"line":398,"column":null}},"type":"cond-expr","locations":[{"start":{"line":398,"column":28},"end":{"line":398,"column":90}},{"start":{"line":398,"column":90},"end":{"line":398,"column":null}}],"line":398},"63":{"loc":{"start":{"line":425,"column":16},"end":{"line":425,"column":null}},"type":"binary-expr","locations":[{"start":{"line":425,"column":16},"end":{"line":425,"column":33}},{"start":{"line":425,"column":33},"end":{"line":425,"column":null}}],"line":425},"64":{"loc":{"start":{"line":426,"column":26},"end":{"line":426,"column":null}},"type":"binary-expr","locations":[{"start":{"line":426,"column":26},"end":{"line":426,"column":53}},{"start":{"line":426,"column":53},"end":{"line":426,"column":null}}],"line":426},"65":{"loc":{"start":{"line":427,"column":12},"end":{"line":427,"column":null}},"type":"binary-expr","locations":[{"start":{"line":427,"column":12},"end":{"line":427,"column":25}},{"start":{"line":427,"column":25},"end":{"line":427,"column":null}}],"line":427}},"s":{"0":0,"1":0,"2":0,"3":10,"4":10,"5":10,"6":1,"7":3,"8":10,"9":2,"10":6,"11":8,"12":10,"13":2,"14":2,"15":6,"16":10,"17":9,"18":9,"19":5,"20":4,"21":2,"22":2,"23":9,"24":10,"25":7,"26":7,"27":7,"28":7,"29":7,"30":7,"31":3,"32":3,"33":2,"34":3,"35":1,"36":2,"37":2,"38":2,"39":1,"40":0,"41":6,"42":6,"43":5,"44":6,"45":1,"46":5,"47":5,"48":5,"49":5,"50":6,"51":6,"52":4,"53":4,"54":3,"55":4,"56":1,"57":3,"58":3,"59":3,"60":7,"61":7,"62":1,"63":6,"64":6,"65":1,"66":5,"67":5,"68":3,"69":2,"70":3,"71":3,"72":3,"73":3,"74":0,"75":0,"76":0,"77":0,"78":0,"79":0,"80":0,"81":7,"82":7,"83":7,"84":7,"85":7,"86":0,"87":0,"88":0,"89":4,"90":8,"91":4,"92":1,"93":1,"94":1,"95":1,"96":1,"97":1,"98":1,"99":3,"100":3,"101":3,"102":3,"103":3,"104":4,"105":4,"106":0,"107":3,"108":4,"109":4,"110":15,"111":15,"112":15,"113":15,"114":15,"115":569,"116":569,"117":2,"118":0,"119":0,"120":2,"121":567,"122":67,"123":67,"124":500,"125":15,"126":15,"127":8,"128":17,"129":8,"130":1,"131":7,"132":39,"133":7,"134":7,"135":7,"136":7,"137":8,"138":8,"139":8,"140":60,"141":60,"142":8,"143":8,"144":8,"145":1,"146":1,"147":7,"148":7,"149":1,"150":1,"151":6,"152":6,"153":0,"154":0,"155":6,"156":6,"157":6,"158":2,"159":0,"160":8,"161":1,"162":1,"163":1,"164":2,"165":2,"166":1,"167":2,"168":2,"169":3,"170":3,"171":3,"172":2},"f":{"0":0,"1":0,"2":10,"3":3,"4":6,"5":8,"6":6,"7":9,"8":7,"9":3,"10":2,"11":1,"12":0,"13":6,"14":5,"15":4,"16":3,"17":7,"18":3,"19":0,"20":0,"21":0,"22":0,"23":7,"24":0,"25":0,"26":4,"27":8,"28":4,"29":1,"30":1,"31":1,"32":1,"33":3,"34":3,"35":3,"36":4,"37":4,"38":15,"39":8,"40":17,"41":39,"42":60,"43":2,"44":1,"45":2},"b":{"0":[10],"1":[10],"2":[10],"3":[10],"4":[10],"5":[1,9],"6":[2,8],"7":[2,8],"8":[6,5,5,5,0],"9":[5,4],"10":[2,2],"11":[5,4],"12":[7,6],"13":[7,7],"14":[7,7],"15":[7,7],"16":[7,5],"17":[7,7],"18":[1,2],"19":[1,5],"20":[5,3],"21":[6,2],"22":[4],"23":[1,3],"24":[7],"25":[7],"26":[1,6],"27":[1,5],"28":[3,2],"29":[3],"30":[0,0],"31":[0,0],"32":[7,6],"33":[0],"34":[0,0],"35":[8,7],"36":[3,2],"37":[3,1],"38":[0,4],"39":[4,3],"40":[2,1],"41":[4,4,4,3],"42":[2,567],"43":[0,2],"44":[2,1],"45":[67,500],"46":[567,68],"47":[1,7],"48":[37,23],"49":[37,0],"50":[8,0],"51":[1,7],"52":[8,7],"53":[1,6],"54":[0,6],"55":[6,0],"56":[8,5],"57":[1,5],"58":[1,0],"59":[8,5],"60":[1,5],"61":[1,0],"62":[1,5],"63":[3,1],"64":[3,3],"65":[3,1]},"meta":{"lastBranch":66,"lastFunction":46,"lastStatement":173,"seen":{"f:29:22:29:63":0,"s:30:16:30:Infinity":0,"s:31:2:31:Infinity":1,"f:31:15:31:21":1,"s:31:30:31:68":2,"f:34:22:34:43":2,"s:41:103:41:Infinity":3,"b:41:19:41:23":0,"b:41:34:41:41":1,"b:41:53:41:66":2,"b:41:82:41:89":3,"b:41:96:41:103":4,"s:42:14:42:Infinity":4,"b:44:2:46:Infinity:undefined:undefined:undefined:undefined":5,"s:44:2:46:Infinity":5,"s:45:4:45:Infinity":6,"f:45:18:45:26":3,"s:45:35:45:61":7,"b:48:2:50:Infinity:undefined:undefined:undefined:undefined":6,"s:48:2:50:Infinity":8,"s:49:4:49:Infinity":9,"f:49:18:49:26":4,"s:49:35:49:75":10,"f:49:40:49:47":5,"s:49:53:49:74":11,"b:52:2:60:Infinity:undefined:undefined:undefined:undefined":7,"s:52:2:60:Infinity":12,"s:53:14:53:Infinity":13,"s:54:4:59:Infinity":14,"f:54:18:54:Infinity":6,"s:56:8:58:Infinity":15,"b:56:8:56:Infinity:57:9:57:52:57:52:57:Infinity:58:9:58:53:58:53:58:Infinity":8,"s:62:2:72:Infinity":16,"f:62:8:62:14":7,"s:63:14:63:Infinity":17,"b:64:4:70:Infinity:66:11:70:Infinity":9,"s:64:4:70:Infinity":18,"s:65:6:65:Infinity":19,"b:66:11:70:Infinity:68:11:70:Infinity":10,"s:66:11:70:Infinity":20,"s:67:6:67:Infinity":21,"s:69:6:69:Infinity":22,"s:71:4:71:Infinity":23,"b:71:37:71:43:71:43:71:Infinity":11,"s:74:2:74:Infinity":24,"f:77:22:77:Infinity":8,"s:80:20:80:Infinity":25,"s:82:4:83:Infinity":26,"b:82:4:82:Infinity:83:4:83:Infinity":12,"s:84:34:99:Infinity":27,"b:89:13:89:29:89:29:89:Infinity":13,"b:94:14:94:31:94:31:94:Infinity":14,"b:95:24:95:51:95:51:95:Infinity":15,"b:96:10:96:23:96:23:96:Infinity":16,"b:97:15:97:33:97:33:97:Infinity":17,"s:101:2:101:Infinity":28,"s:102:2:102:Infinity":29,"s:103:2:103:Infinity":30,"f:106:22:106:Infinity":9,"s:112:16:112:Infinity":31,"s:113:19:113:Infinity":32,"f:113:25:113:31":10,"s:113:40:113:54":33,"b:115:2:117:Infinity:undefined:undefined:undefined:undefined":18,"s:115:2:117:Infinity":34,"s:116:4:116:Infinity":35,"s:119:34:123:Infinity":36,"s:125:2:125:Infinity":37,"s:126:2:126:Infinity":38,"f:129:22:129:42":11,"s:130:2:130:Infinity":39,"f:133:22:133:54":12,"s:134:2:134:Infinity":40,"f:137:22:137:Infinity":13,"s:140:16:140:Infinity":41,"s:141:19:141:Infinity":42,"f:141:25:141:31":14,"s:141:40:141:54":43,"b:143:2:145:Infinity:undefined:undefined:undefined:undefined":19,"s:143:2:145:Infinity":44,"s:144:4:144:Infinity":45,"s:147:18:147:Infinity":46,"s:148:34:152:Infinity":47,"s:154:2:154:Infinity":48,"s:156:20:156:Infinity":49,"b:156:20:156:51:156:51:156:Infinity":20,"s:157:19:157:Infinity":50,"b:157:19:157:43:157:43:157:Infinity":21,"s:159:2:159:Infinity":51,"f:162:22:162:Infinity":15,"b:164:7:164:Infinity":22,"s:166:16:166:Infinity":52,"s:167:19:167:Infinity":53,"f:167:25:167:31":16,"s:167:40:167:54":54,"b:168:2:168:Infinity:undefined:undefined:undefined:undefined":23,"s:168:2:168:Infinity":55,"s:168:17:168:Infinity":56,"s:170:34:174:Infinity":57,"s:176:2:176:Infinity":58,"s:177:2:177:Infinity":59,"f:180:16:180:Infinity":17,"b:182:22:182:Infinity":24,"b:183:8:183:Infinity":25,"s:185:21:185:Infinity":60,"b:186:2:188:Infinity:undefined:undefined:undefined:undefined":26,"s:186:2:188:Infinity":61,"s:187:4:187:Infinity":62,"s:190:22:190:Infinity":63,"b:191:2:193:Infinity:undefined:undefined:undefined:undefined":27,"s:191:2:193:Infinity":64,"s:192:4:192:Infinity":65,"s:195:16:195:Infinity":66,"b:196:2:198:Infinity:undefined:undefined:undefined:undefined":28,"s:196:2:198:Infinity":67,"s:197:4:197:Infinity":68,"s:200:2:200:Infinity":69,"f:203:16:203:Infinity":18,"b:205:13:205:Infinity":29,"s:207:19:207:Infinity":70,"s:208:15:208:Infinity":71,"s:209:2:209:Infinity":72,"s:210:2:210:Infinity":73,"f:213:22:213:41":19,"s:221:34:229:Infinity":74,"b:227:21:227:46:227:46:227:Infinity":30,"b:228:15:228:34:228:34:228:Infinity":31,"s:231:2:231:Infinity":75,"s:232:2:232:Infinity":76,"f:235:22:235:Infinity":20,"s:238:2:238:Infinity":77,"f:241:22:241:70":21,"s:242:19:242:Infinity":78,"s:243:2:243:Infinity":79,"f:243:18:243:24":22,"s:243:33:243:71":80,"f:246:15:246:33":23,"s:247:20:247:Infinity":81,"s:248:19:248:Infinity":82,"s:250:24:253:Infinity":83,"s:255:29:264:Infinity":84,"b:263:15:263:37:263:37:263:42":32,"s:266:2:266:Infinity":85,"f:269:22:269:39":24,"b:269:47:269:74":33,"s:270:18:270:Infinity":86,"s:271:2:273:Infinity":87,"f:272:5:272:11":25,"s:272:20:272:87":88,"b:272:20:272:47:272:47:272:87":34,"f:276:16:276:32":26,"s:277:2:279:Infinity":89,"f:278:5:278:13":27,"s:278:22:278:98":90,"b:278:22:278:58:278:58:278:98":35,"f:279:5:279:11":28,"s:279:20:279:48":91,"f:282:22:282:36":29,"s:283:31:291:Infinity":92,"s:292:2:292:Infinity":93,"s:293:2:293:Infinity":94,"f:296:22:296:62":30,"s:297:18:297:Infinity":95,"s:298:2:298:Infinity":96,"f:298:17:298:23":31,"s:298:32:298:68":97,"f:301:22:301:53":32,"s:302:2:302:Infinity":98,"f:305:16:305:38":33,"s:306:2:306:Infinity":99,"f:309:16:309:37":34,"s:310:17:310:Infinity":100,"s:311:15:321:Infinity":101,"f:311:21:311:26":35,"s:312:4:320:Infinity":102,"b:316:6:316:22:316:22:316:Infinity":36,"b:318:6:318:23:318:23:318:Infinity":37,"s:322:2:322:Infinity":103,"f:325:16:325:35":36,"s:326:17:326:Infinity":104,"b:327:2:329:Infinity:undefined:undefined:undefined:undefined":38,"s:327:2:329:Infinity":105,"b:327:6:327:17:327:17:327:45":39,"s:328:4:328:Infinity":106,"s:330:16:330:Infinity":107,"b:330:46:330:61:330:61:330:Infinity":40,"s:331:2:337:Infinity":108,"f:331:15:331:Infinity":37,"s:333:6:336:Infinity":109,"b:333:6:333:Infinity:334:6:334:Infinity:335:6:335:Infinity:336:6:336:Infinity":41,"f:340:9:340:22":38,"s:341:27:341:Infinity":110,"s:342:16:342:Infinity":111,"s:343:17:343:Infinity":112,"s:344:2:355:Infinity":113,"s:344:15:344:18":114,"s:345:15:345:Infinity":115,"b:346:4:354:Infinity:349:11:354:Infinity":42,"s:346:4:354:Infinity":116,"b:347:6:348:Infinity:348:11:348:Infinity":43,"s:347:6:348:Infinity":117,"b:347:10:347:22:347:22:347:43":44,"s:347:45:347:61":118,"s:347:61:347:66":119,"s:348:13:348:35":120,"b:349:11:354:Infinity:352:11:354:Infinity":45,"s:349:11:354:Infinity":121,"b:349:15:349:29:349:29:349:40":46,"s:350:6:350:Infinity":122,"s:351:6:351:Infinity":123,"s:353:6:353:Infinity":124,"s:356:2:356:Infinity":125,"s:357:2:357:Infinity":126,"f:360:16:360:34":39,"s:361:16:361:Infinity":127,"f:361:35:361:40":40,"s:361:46:361:54":128,"b:362:2:362:Infinity:undefined:undefined:undefined:undefined":47,"s:362:2:362:Infinity":129,"s:362:24:362:Infinity":130,"s:364:17:364:Infinity":131,"f:364:40:364:45":41,"s:364:51:364:95":132,"s:365:36:365:Infinity":133,"s:366:16:366:Infinity":134,"s:368:2:403:Infinity":135,"s:368:15:368:18":136,"s:369:4:402:Infinity":137,"s:370:19:370:Infinity":138,"s:371:12:374:Infinity":139,"f:371:12:371:19":42,"s:372:20:372:Infinity":140,"s:373:8:373:Infinity":141,"b:373:22:373:75:373:75:373:Infinity":48,"b:373:27:373:40:373:40:373:44":49,"s:376:19:376:Infinity":142,"s:377:24:377:Infinity":143,"b:377:24:377:45:377:45:377:Infinity":50,"b:378:6:378:Infinity:undefined:undefined:undefined:undefined":51,"s:378:6:378:Infinity":144,"b:378:10:378:19:378:19:378:31":52,"s:378:33:378:44":145,"s:378:44:378:54":146,"s:380:23:380:Infinity":147,"b:381:6:381:Infinity:undefined:undefined:undefined:undefined":53,"s:381:6:381:Infinity":148,"s:381:65:381:76":149,"s:381:76:381:86":150,"s:383:24:383:Infinity":151,"b:384:6:384:Infinity:undefined:undefined:undefined:undefined":54,"s:384:6:384:Infinity":152,"s:384:50:384:61":153,"s:384:61:384:71":154,"s:386:27:386:Infinity":155,"s:387:23:387:Infinity":156,"s:389:6:399:Infinity":157,"b:391:30:391:57:391:57:391:58":55,"b:393:17:393:35:393:35:393:Infinity":56,"b:395:34:395:71:395:71:395:Infinity":57,"b:395:46:395:66:395:66:395:67":58,"b:396:18:396:37:396:37:396:Infinity":59,"b:397:43:397:74:397:74:397:Infinity":60,"b:397:43:397:67:397:67:397:74":61,"b:398:28:398:90:398:90:398:Infinity":62,"f:398:51:398:56":43,"s:398:62:398:70":158,"s:401:6:401:Infinity":159,"s:405:2:405:Infinity":160,"f:408:22:408:Infinity":44,"s:411:29:411:Infinity":161,"s:412:17:412:Infinity":162,"s:413:2:416:Infinity":163,"s:414:4:414:Infinity":164,"s:415:4:415:Infinity":165,"s:417:2:417:Infinity":166,"f:420:22:420:43":45,"s:421:14:421:Infinity":167,"s:422:2:431:Infinity":168,"s:423:37:428:Infinity":169,"b:425:16:425:33:425:33:425:Infinity":63,"b:426:26:426:53:426:53:426:Infinity":64,"b:427:12:427:25:427:25:427:Infinity":65,"s:429:4:429:Infinity":170,"s:430:4:430:Infinity":171,"s:432:2:432:Infinity":172}}}
}
